<?xml version="1.0" encoding="UTF-8"?>
<!-- Generated by org.testng.reporters.JUnitReportReporter -->
<testsuite hostname="NSBNB-0007.local" failures="0" tests="2" name="APITest" time="1.402" errors="0" timestamp="2022-10-14T12:23:24 WIB" skipped="0">
  <testcase classname="APITest" name="test1" time="1.279"/>
  <system-out/>
  <testcase classname="APITest" name="test2" time="0.123"/>
  <system-out/>
</testsuite> <!-- APITest -->
